INFO:__main__:Starting Server
INFO:__main__:after listen
INFO:__main__:after_accept
INFO:__main__:Starting Server
INFO:__main__:after listen
INFO:__main__:after_accept
INFO:__main__:Starting Server
INFO:__main__:after listen
INFO:__main__:after_accept
INFO:__main__:Starting Server
INFO:__main__:Starting Server
INFO:__main__:Starting Server
INFO:__main__:Starting Server
INFO:__main__:Starting Server
INFO:root:Starting Server
INFO:root:after listen
INFO:root:after_accept
INFO:__main__:Starting Server
INFO:__main__:after listen
INFO:__main__:after_accept
ERROR:__main__:line is none
INFO:__main__:Starting Server
INFO:__main__:after listen
INFO:__main__:after_accept
ERROR:__main__:line is none
